<?xml version="1.0" encoding="UTF-8"?>
<!-- Generated by org.testng.reporters.JUnitXMLReporter -->
<testsuite ignored="0" hostname="LAPTOP-CDU0EB2F" failures="0" tests="5" name="Default test" time="1563.252" errors="0" timestamp="2025-04-07T23:12:52 IST">
  <testcase classname="Runner.Test_Runner" name="createbooking" time="2.098"/>
  <testcase classname="Runner.Test_Runner" name="getbooking" time="2.034"/>
  <testcase classname="Runner.Test_Runner" name="updatebooking" time="1.457"/>
  <testcase classname="Runner.Test_Runner" name="partialupdatebooking" time="1.529"/>
  <testcase classname="Runner.Test_Runner" name="deletebooking" time="1.3"/>
</testsuite> <!-- Default test -->
