<?xml version="1.0" encoding="UTF-8"?>
<!-- Generated by org.testng.reporters.JUnitXMLReporter -->
<testsuite ignored="0" hostname="LAPTOP-CDU0EB2F" failures="0" tests="5" name="Test" time="15.32" errors="0" timestamp="2025-04-07T22:19:34 IST">
  <testcase classname="Runner.Test_Runner" name="createbooking" time="1.594"/>
  <testcase classname="Runner.Test_Runner" name="getbooking" time="1.336"/>
  <testcase classname="Runner.Test_Runner" name="updatebooking" time="1.264"/>
  <testcase classname="Runner.Test_Runner" name="partialupdatebooking" time="1.197"/>
  <testcase classname="Runner.Test_Runner" name="deletebooking" time="1.58"/>
</testsuite> <!-- Test -->
