<?xml version="1.0" encoding="UTF-8"?>
<testsuite xmlns:xsi="http://www.w3.org/2001/XMLSchema-instance" xsi:noNamespaceSchemaLocation="https://maven.apache.org/surefire/maven-surefire-plugin/xsd/surefire-test-report.xsd" version="3.0.2" name="TestSuite" time="24.767" tests="5" errors="0" skipped="0" failures="0">
  <properties>
[...]
</properties>
  <testcase name="createbooking" classname="Runner.Test_Runner" time="1.461">
    <system-out><![CDATA[Request method:	POST
Request URI:	https://restful-booker.herokuapp.com/auth
Proxy:			<none>
Request params:	<none>
Query params:	<none>
Form params:	<none>
Path params:	<none>
Headers:		Accept=*/*
				Content-Type=application/json
Cookies:		<none>
Multiparts:		<none>
Body:
{
    "username": "admin",
    "password": "password123"
}
HTTP/1.1 200 OK
Server: Cowboy
Report-To: {"group":"heroku-nel","max_age":3600,"endpoints":[{"url":"https://nel.heroku.com/reports?ts=1744049394&sid=c46efe9b-d3d2-4a0c-8c76-bfafa16c5add&s=1QscL5rhwBeZMiJPuMTLihCTTph1BKKMCqo7gHsdDVw%3D"}]}
Reporting-Endpoints: heroku-nel=https://nel.heroku.com/reports?ts=1744049394&sid=c46efe9b-d3d2-4a0c-8c76-bfafa16c5add&s=1QscL5rhwBeZMiJPuMTLihCTTph1BKKMCqo7gHsdDVw%3D
Nel: {"report_to":"heroku-nel","max_age":3600,"success_fraction":0.005,"failure_fraction":0.05,"response_headers":["Via"]}
Connection: keep-alive
X-Powered-By: Express
Content-Type: application/json; charset=utf-8
Content-Length: 27
Etag: W/"1b-gMl0kl3CVHvx/CaTYoBxQPibHbI"
Date: Mon, 07 Apr 2025 18:09:54 GMT
Via: 1.1 vegur

{
    "token": "2e46cd683c2ee51"
}
[INFO ] 2025-04-07 23:39:56.953 [main] Base_Class - Base URI and Token setup Completed
Request method:	POST
Request URI:	https://restful-booker.herokuapp.com/booking
Proxy:			<none>
Request params:	<none>
Query params:	<none>
Form params:	<none>
Path params:	<none>
Headers:		Accept=*/*
				Content-Type=application/json
Cookies:		<none>
Multiparts:		<none>
Body:
{
    "firstname": "Maadhav",
    "lastname": "Hira",
    "totalprice": 1000,
    "depositpaid": true,
    "bookingdates": {
        "checkin": "2024-02-01",
        "checkout": "2024-02-10"
    },
    "additionalneeds": "breakfast"
}
HTTP/1.1 200 OK
Server: Cowboy
Report-To: {"group":"heroku-nel","max_age":3600,"endpoints":[{"url":"https://nel.heroku.com/reports?ts=1744049397&sid=c46efe9b-d3d2-4a0c-8c76-bfafa16c5add&s=o80Oxe%2Bw7%2BLUFEY4ypKVscDFw9lMIzB7sa2L7DlDitQ%3D"}]}
Reporting-Endpoints: heroku-nel=https://nel.heroku.com/reports?ts=1744049397&sid=c46efe9b-d3d2-4a0c-8c76-bfafa16c5add&s=o80Oxe%2Bw7%2BLUFEY4ypKVscDFw9lMIzB7sa2L7DlDitQ%3D
Nel: {"report_to":"heroku-nel","max_age":3600,"success_fraction":0.005,"failure_fraction":0.05,"response_headers":["Via"]}
Connection: keep-alive
X-Powered-By: Express
Content-Type: application/json; charset=utf-8
Content-Length: 201
Etag: W/"c9-SH9Luf63nH3W/brQOiZ40pFee40"
Date: Mon, 07 Apr 2025 18:09:57 GMT
Via: 1.1 vegur

{
    "bookingid": 4165,
    "booking": {
        "firstname": "Maadhav",
        "lastname": "Hira",
        "totalprice": 1000,
        "depositpaid": true,
        "bookingdates": {
            "checkin": "2024-02-01",
            "checkout": "2024-02-10"
        },
        "additionalneeds": "breakfast"
    }
}
[INFO ] 2025-04-07 23:39:58.321 [main] Base_Class - Booking ID Generated
[INFO ] 2025-04-07 23:39:58.322 [main] Base_Class - Verified that Status code is 200
[INFO ] 2025-04-07 23:39:58.324 [main] Base_Class - Verified that Status line is HTTP/1.1 200 OK
[INFO ] 2025-04-07 23:39:58.324 [main] Base_Class - Created the Booking
]]></system-out>
    <system-err><![CDATA[SLF4J: Failed to load class "org.slf4j.impl.StaticLoggerBinder".
SLF4J: Defaulting to no-operation (NOP) logger implementation
SLF4J: See http://www.slf4j.org/codes.html#StaticLoggerBinder for further details.
]]></system-err>
  </testcase>
  <testcase name="getbooking" classname="Runner.Test_Runner" time="1.183">
    <system-out><![CDATA[Request method:	GET
Request URI:	https://restful-booker.herokuapp.com/booking/4165
Proxy:			<none>
Request params:	<none>
Query params:	<none>
Form params:	<none>
Path params:	<none>
Headers:		Accept=application/json
Cookies:		<none>
Multiparts:		<none>
Body:			<none>
HTTP/1.1 200 OK
Server: Cowboy
Report-To: {"group":"heroku-nel","max_age":3600,"endpoints":[{"url":"https://nel.heroku.com/reports?ts=1744049398&sid=c46efe9b-d3d2-4a0c-8c76-bfafa16c5add&s=Z3loi2mp3YWB5MwJLCmXLbemyklQMroLkQqW8LvTmQo%3D"}]}
Reporting-Endpoints: heroku-nel=https://nel.heroku.com/reports?ts=1744049398&sid=c46efe9b-d3d2-4a0c-8c76-bfafa16c5add&s=Z3loi2mp3YWB5MwJLCmXLbemyklQMroLkQqW8LvTmQo%3D
Nel: {"report_to":"heroku-nel","max_age":3600,"success_fraction":0.005,"failure_fraction":0.05,"response_headers":["Via"]}
Connection: keep-alive
X-Powered-By: Express
Content-Type: application/json; charset=utf-8
Content-Length: 172
Etag: W/"ac-6TmKxY6SuUnCZ504xFkWv9zRoYM"
Date: Mon, 07 Apr 2025 18:09:58 GMT
Via: 1.1 vegur

{
    "firstname": "Maadhav",
    "lastname": "Hira",
    "totalprice": 1000,
    "depositpaid": true,
    "bookingdates": {
        "checkin": "2024-02-01",
        "checkout": "2024-02-10"
    },
    "additionalneeds": "breakfast"
}
[INFO ] 2025-04-07 23:39:59.653 [main] Base_Class - Verified that Status code is 200
[INFO ] 2025-04-07 23:39:59.653 [main] Base_Class - Verified that Status line is HTTP/1.1 200 OK
[INFO ] 2025-04-07 23:39:59.653 [main] Base_Class - Booking is verified by checking it
]]></system-out>
  </testcase>
  <testcase name="updatebooking" classname="Runner.Test_Runner" time="1.662">
    <system-out><![CDATA[Request method:	PUT
Request URI:	https://restful-booker.herokuapp.com/booking/4165
Proxy:			<none>
Request params:	<none>
Query params:	<none>
Form params:	<none>
Path params:	<none>
Headers:		Accept=application/json
				Content-Type=application/json
Cookies:		token=2e46cd683c2ee51
Multiparts:		<none>
Body:
{
    "firstname": "Meghana",
    "additionalneeds": "breakfast",
    "bookingdates": {
        "checkin": "2024-02-01",
        "checkout": "2024-02-15"
    },
    "totalprice": 1250,
    "depositpaid": true,
    "lastname": "Hira"
}
HTTP/1.1 200 OK
Server: Cowboy
Report-To: {"group":"heroku-nel","max_age":3600,"endpoints":[{"url":"https://nel.heroku.com/reports?ts=1744049400&sid=c46efe9b-d3d2-4a0c-8c76-bfafa16c5add&s=DBRZ%2BlWBbG8GJhDa0MgelZgBulelSnAQaHQtfj09xSc%3D"}]}
Reporting-Endpoints: heroku-nel=https://nel.heroku.com/reports?ts=1744049400&sid=c46efe9b-d3d2-4a0c-8c76-bfafa16c5add&s=DBRZ%2BlWBbG8GJhDa0MgelZgBulelSnAQaHQtfj09xSc%3D
Nel: {"report_to":"heroku-nel","max_age":3600,"success_fraction":0.005,"failure_fraction":0.05,"response_headers":["Via"]}
Connection: keep-alive
X-Powered-By: Express
Content-Type: application/json; charset=utf-8
Content-Length: 172
Etag: W/"ac-zbN+AfLypvPH5kACEZZv6JO0sok"
Date: Mon, 07 Apr 2025 18:10:00 GMT
Via: 1.1 vegur

{
    "firstname": "Meghana",
    "lastname": "Hira",
    "totalprice": 1250,
    "depositpaid": true,
    "bookingdates": {
        "checkin": "2024-02-01",
        "checkout": "2024-02-15"
    },
    "additionalneeds": "breakfast"
}
[INFO ] 2025-04-07 23:40:01.298 [main] Base_Class - Status code verified
[INFO ] 2025-04-07 23:40:01.299 [main] Base_Class - Status Line is Verified
[INFO ] 2025-04-07 23:40:01.308 [main] Base_Class - Verified that after Update firstname is Meghana
[INFO ] 2025-04-07 23:40:01.319 [main] Base_Class - Verified that after Update checkout date is 2024-02-15
[INFO ] 2025-04-07 23:40:01.319 [main] Base_Class - Updated the Booking
]]></system-out>
  </testcase>
  <testcase name="partialupdatebooking" classname="Runner.Test_Runner" time="1.567">
    <system-out><![CDATA[Request method:	PATCH
Request URI:	https://restful-booker.herokuapp.com/booking/4165
Proxy:			<none>
Request params:	<none>
Query params:	<none>
Form params:	<none>
Path params:	<none>
Headers:		Accept=*/*
				Content-Type=application/json
Cookies:		token=2e46cd683c2ee51
Multiparts:		<none>
Body:
{
    "additionalneeds": "Dinner",
    "depositpaid": false
}
HTTP/1.1 200 OK
Server: Cowboy
Report-To: {"group":"heroku-nel","max_age":3600,"endpoints":[{"url":"https://nel.heroku.com/reports?ts=1744049402&sid=c46efe9b-d3d2-4a0c-8c76-bfafa16c5add&s=7iFzqTUrQrYhIxqKdL33D%2Bz1b4TAviYfpYBUjykNZOI%3D"}]}
Reporting-Endpoints: heroku-nel=https://nel.heroku.com/reports?ts=1744049402&sid=c46efe9b-d3d2-4a0c-8c76-bfafa16c5add&s=7iFzqTUrQrYhIxqKdL33D%2Bz1b4TAviYfpYBUjykNZOI%3D
Nel: {"report_to":"heroku-nel","max_age":3600,"success_fraction":0.005,"failure_fraction":0.05,"response_headers":["Via"]}
Connection: keep-alive
X-Powered-By: Express
Content-Type: application/json; charset=utf-8
Content-Length: 170
Etag: W/"aa-+1A9lC9w7Z3FkbbdLN46Gg4j8tQ"
Date: Mon, 07 Apr 2025 18:10:02 GMT
Via: 1.1 vegur

{
    "firstname": "Meghana",
    "lastname": "Hira",
    "totalprice": 1250,
    "depositpaid": false,
    "bookingdates": {
        "checkin": "2024-02-01",
        "checkout": "2024-02-15"
    },
    "additionalneeds": "Dinner"
}
[INFO ] 2025-04-07 23:40:02.866 [main] Base_Class - Verified that Status code is 200
[INFO ] 2025-04-07 23:40:02.867 [main] Base_Class - Verified that Status line is HTTP/1.1 200 OK
[INFO ] 2025-04-07 23:40:02.877 [main] Base_Class - Verified that after Update depositpaid date is false
[INFO ] 2025-04-07 23:40:02.887 [main] Base_Class - Verified that after Update additionalneeds is dinner
[INFO ] 2025-04-07 23:40:02.887 [main] Base_Class - Partially Updated the Booking
]]></system-out>
  </testcase>
  <testcase name="deletebooking" classname="Runner.Test_Runner" time="11.004">
    <system-out><![CDATA[Request method:	DELETE
Request URI:	https://restful-booker.herokuapp.com/booking/4165
Proxy:			<none>
Request params:	<none>
Query params:	<none>
Form params:	<none>
Path params:	<none>
Headers:		Accept=*/*
Cookies:		token=2e46cd683c2ee51
Multiparts:		<none>
Body:			<none>
HTTP/1.1 201 Created
Server: Cowboy
Report-To: {"group":"heroku-nel","max_age":3600,"endpoints":[{"url":"https://nel.heroku.com/reports?ts=1744049412&sid=c46efe9b-d3d2-4a0c-8c76-bfafa16c5add&s=FUlJX0a%2BqT%2Fb5nx425G7iRWGEHidkcXIesg3HyZxa48%3D"}]}
Reporting-Endpoints: heroku-nel=https://nel.heroku.com/reports?ts=1744049412&sid=c46efe9b-d3d2-4a0c-8c76-bfafa16c5add&s=FUlJX0a%2BqT%2Fb5nx425G7iRWGEHidkcXIesg3HyZxa48%3D
Nel: {"report_to":"heroku-nel","max_age":3600,"success_fraction":0.005,"failure_fraction":0.05,"response_headers":["Via"]}
Connection: keep-alive
X-Powered-By: Express
Content-Type: text/plain; charset=utf-8
Content-Length: 7
Etag: W/"7-rM9AyJuqT6iOan/xHh+AW+7K/T8"
Date: Mon, 07 Apr 2025 18:10:12 GMT
Via: 1.1 vegur

Created
[INFO ] 2025-04-07 23:40:13.890 [main] Base_Class - Verified that Status code is 201
[INFO ] 2025-04-07 23:40:13.891 [main] Base_Class - Verified that Status line is HTTP/1.1 201 Created
[INFO ] 2025-04-07 23:40:13.891 [main] Base_Class - Deleted the Booking
[INFO ] 2025-04-07 23:40:13.891 [main] Base_Class - All the Requests done
[INFO ] 2025-04-07 23:40:13.891 [main] Base_Class - Test execution completed. Extent Report generated.
[INFO ] 2025-04-07 23:40:13.891 [main] Base_Class - Allure Reports Generated
]]></system-out>
  </testcase>
</testsuite>