<?xml version="1.0" encoding="UTF-8"?>
<testng-results ignored="0" total="5" passed="5" failed="0" skipped="0">
  <reporter-output>
  </reporter-output>
  <suite started-at="2025-04-07T23:39:51 IST" name="Suite" finished-at="2025-04-07T23:40:14 IST" duration-ms="23413">
    <groups>
    </groups>
    <test started-at="2025-04-07T23:39:51 IST" name="Test" finished-at="2025-04-07T23:40:14 IST" duration-ms="23413">
      <class name="Runner.Test_Runner">
        <test-method is-config="true" signature="setup()[pri:0, instance:Runner.Test_Runner@172ca72b]" started-at="2025-04-07T23:39:51 IST" name="setup" finished-at="2025-04-07T23:39:56 IST" duration-ms="5891" status="PASS">
          <reporter-output>
          </reporter-output>
        </test-method> <!-- setup -->
        <test-method signature="createbooking()[pri:1, instance:Runner.Test_Runner@172ca72b]" started-at="2025-04-07T23:39:56 IST" name="createbooking" finished-at="2025-04-07T23:39:58 IST" duration-ms="1331" status="PASS">
          <reporter-output>
          </reporter-output>
        </test-method> <!-- createbooking -->
        <test-method signature="getbooking()[pri:2, instance:Runner.Test_Runner@172ca72b]" started-at="2025-04-07T23:39:58 IST" name="getbooking" finished-at="2025-04-07T23:39:59 IST" duration-ms="1192" status="PASS">
          <reporter-output>
          </reporter-output>
        </test-method> <!-- getbooking -->
        <test-method signature="updatebooking()[pri:3, instance:Runner.Test_Runner@172ca72b]" started-at="2025-04-07T23:39:59 IST" name="updatebooking" finished-at="2025-04-07T23:40:01 IST" duration-ms="1663" status="PASS">
          <reporter-output>
          </reporter-output>
        </test-method> <!-- updatebooking -->
        <test-method signature="partialupdatebooking()[pri:4, instance:Runner.Test_Runner@172ca72b]" started-at="2025-04-07T23:40:01 IST" name="partialupdatebooking" finished-at="2025-04-07T23:40:02 IST" duration-ms="1565" status="PASS">
          <reporter-output>
          </reporter-output>
        </test-method> <!-- partialupdatebooking -->
        <test-method signature="deletebooking()[pri:5, instance:Runner.Test_Runner@172ca72b]" started-at="2025-04-07T23:40:02 IST" name="deletebooking" finished-at="2025-04-07T23:40:13 IST" duration-ms="11003" status="PASS">
          <reporter-output>
          </reporter-output>
        </test-method> <!-- deletebooking -->
        <test-method is-config="true" signature="tearDown()[pri:0, instance:Runner.Test_Runner@172ca72b]" started-at="2025-04-07T23:40:13 IST" name="tearDown" finished-at="2025-04-07T23:40:14 IST" duration-ms="567" status="PASS">
          <reporter-output>
          </reporter-output>
        </test-method> <!-- tearDown -->
      </class> <!-- Runner.Test_Runner -->
    </test> <!-- Test -->
  </suite> <!-- Suite -->
</testng-results>
