<?xml version="1.0" encoding="UTF-8"?>
<testng-results ignored="0" total="5" passed="5" failed="0" skipped="0">
  <reporter-output>
  </reporter-output>
  <suite started-at="2025-04-07T22:46:49 IST" name="Default suite" finished-at="2025-04-07T23:12:52 IST" duration-ms="1563252">
    <groups>
    </groups>
    <test started-at="2025-04-07T22:46:49 IST" name="Default test" finished-at="2025-04-07T23:12:52 IST" duration-ms="1563252">
      <class name="Runner.Test_Runner">
        <test-method is-config="true" signature="setup()[pri:0, instance:Runner.Test_Runner@114a85c2]" started-at="2025-04-07T22:46:49 IST" name="setup" finished-at="2025-04-07T23:12:43 IST" duration-ms="1554026" status="PASS">
          <reporter-output>
          </reporter-output>
        </test-method> <!-- setup -->
        <test-method signature="createbooking()[pri:1, instance:Runner.Test_Runner@114a85c2]" started-at="2025-04-07T23:12:43 IST" name="createbooking" finished-at="2025-04-07T23:12:45 IST" duration-ms="2098" status="PASS">
          <reporter-output>
          </reporter-output>
        </test-method> <!-- createbooking -->
        <test-method signature="getbooking()[pri:2, instance:Runner.Test_Runner@114a85c2]" started-at="2025-04-07T23:12:45 IST" name="getbooking" finished-at="2025-04-07T23:12:47 IST" duration-ms="2034" status="PASS">
          <reporter-output>
          </reporter-output>
        </test-method> <!-- getbooking -->
        <test-method signature="updatebooking()[pri:3, instance:Runner.Test_Runner@114a85c2]" started-at="2025-04-07T23:12:47 IST" name="updatebooking" finished-at="2025-04-07T23:12:49 IST" duration-ms="1457" status="PASS">
          <reporter-output>
          </reporter-output>
        </test-method> <!-- updatebooking -->
        <test-method signature="partialupdatebooking()[pri:4, instance:Runner.Test_Runner@114a85c2]" started-at="2025-04-07T23:12:49 IST" name="partialupdatebooking" finished-at="2025-04-07T23:12:50 IST" duration-ms="1529" status="PASS">
          <reporter-output>
          </reporter-output>
        </test-method> <!-- partialupdatebooking -->
        <test-method signature="deletebooking()[pri:5, instance:Runner.Test_Runner@114a85c2]" started-at="2025-04-07T23:12:50 IST" name="deletebooking" finished-at="2025-04-07T23:12:52 IST" duration-ms="1300" status="PASS">
          <reporter-output>
          </reporter-output>
        </test-method> <!-- deletebooking -->
        <test-method is-config="true" signature="tearDown()[pri:0, instance:Runner.Test_Runner@114a85c2]" started-at="2025-04-07T23:12:52 IST" name="tearDown" finished-at="2025-04-07T23:12:52 IST" duration-ms="608" status="PASS">
          <reporter-output>
          </reporter-output>
        </test-method> <!-- tearDown -->
      </class> <!-- Runner.Test_Runner -->
    </test> <!-- Default test -->
  </suite> <!-- Default suite -->
</testng-results>
